#
# There is insufficient memory for the Java Runtime Environment to continue.
# Native memory allocation (mmap) failed to map 506462208 bytes for committing reserved memory.
# Possible reasons:
#   The system is out of physical RAM or swap space
#   In 32 bit mode, the process size limit was hit
# Possible solutions:
#   Reduce memory load on the system
#   Increase physical memory or swap space
#   Check if swap backing store is full
#   Use 64 bit Java on a 64 bit OS
#   Decrease Java heap size (-Xmx/-Xms)
#   Decrease number of Java threads
#   Decrease Java thread stack sizes (-Xss)
#   Set larger code cache with -XX:ReservedCodeCacheSize=
# This output file may be truncated or incomplete.
#
#  Out of Memory Error (os_linux.cpp:2640), pid=20795, tid=0x00007fd40a2e9700
#
# JRE version: Java(TM) SE Runtime Environment (8.0_131-b11) (build 1.8.0_131-b11)
# Java VM: Java HotSpot(TM) 64-Bit Server VM (25.131-b11 mixed mode linux-amd64 compressed oops)
# Failed to write core dump. Core dumps have been disabled. To enable core dumping, try "ulimit -c unlimited" before starting Java again
#

---------------  T H R E A D  ---------------

Current thread (0x00007fd420077800):  VMThread [stack: 0x00007fd40a1e9000,0x00007fd40a2ea000] [id=20805]

Stack: [0x00007fd40a1e9000,0x00007fd40a2ea000],  sp=0x00007fd40a2e7fa0,  free space=1019k
Native frames: (J=compiled Java code, j=interpreted, Vv=VM code, C=native code)
V  [libjvm.so+0xac826a]  VMError::report_and_die()+0x2ba
V  [libjvm.so+0x4fd4cb]  report_vm_out_of_memory(char const*, int, unsigned long, VMErrorType, char const*)+0x8b
V  [libjvm.so+0x924f53]  os::Linux::commit_memory_impl(char*, unsigned long, bool)+0x103
V  [libjvm.so+0x9254a9]  os::pd_commit_memory(char*, unsigned long, unsigned long, bool)+0x29
V  [libjvm.so+0x91f6ca]  os::commit_memory(char*, unsigned long, unsigned long, bool)+0x2a
V  [libjvm.so+0x9941e3]  PSVirtualSpace::expand_by(unsigned long)+0x53
V  [libjvm.so+0x9955e8]  PSYoungGen::resize_generation(unsigned long, unsigned long)+0xf8
V  [libjvm.so+0x994742]  PSYoungGen::resize(unsigned long, unsigned long)+0x22
V  [libjvm.so+0x991a1b]  PSScavenge::invoke_no_policy()+0xf3b
V  [libjvm.so+0x9921a1]  PSScavenge::invoke()+0x41
V  [libjvm.so+0x948f00]  ParallelScavengeHeap::failed_mem_allocate(unsigned long)+0x70
V  [libjvm.so+0xac9c87]  VM_ParallelGCFailedAllocation::doit()+0x97
V  [libjvm.so+0xad1765]  VM_Operation::evaluate()+0x55
V  [libjvm.so+0xacfb3a]  VMThread::evaluate_operation(VM_Operation*)+0xba
V  [libjvm.so+0xacfebe]  VMThread::loop()+0x1ce
V  [libjvm.so+0xad0330]  VMThread::run()+0x70
V  [libjvm.so+0x927568]  java_start(Thread*)+0x108

VM_Operation (0x00007fd408af84f0): ParallelGCFailedAllocation, mode: safepoint, requested by thread 0x00007fd420132000


---------------  P R O C E S S  ---------------

Java Threads: ( => current thread )
  0x00007fd42013e800 JavaThread "pool-1-thread-20" [_thread_blocked, id=20834, stack(0x00007fd4082f2000,0x00007fd4083f3000)]
  0x00007fd42013c800 JavaThread "pool-1-thread-19" [_thread_blocked, id=20833, stack(0x00007fd4083f3000,0x00007fd4084f4000)]
  0x00007fd42013a800 JavaThread "pool-1-thread-18" [_thread_blocked, id=20832, stack(0x00007fd4084f4000,0x00007fd4085f5000)]
  0x00007fd420138800 JavaThread "pool-1-thread-17" [_thread_blocked, id=20831, stack(0x00007fd4085f5000,0x00007fd4086f6000)]
  0x00007fd420137000 JavaThread "pool-1-thread-16" [_thread_blocked, id=20830, stack(0x00007fd4086f6000,0x00007fd4087f7000)]
  0x00007fd420135800 JavaThread "pool-1-thread-15" [_thread_blocked, id=20829, stack(0x00007fd4087f7000,0x00007fd4088f8000)]
  0x00007fd420133800 JavaThread "pool-1-thread-14" [_thread_blocked, id=20828, stack(0x00007fd4088f8000,0x00007fd4089f9000)]
  0x00007fd420132000 JavaThread "pool-1-thread-13" [_thread_blocked, id=20827, stack(0x00007fd4089f9000,0x00007fd408afa000)]
  0x00007fd420130000 JavaThread "pool-1-thread-12" [_thread_blocked, id=20826, stack(0x00007fd408afa000,0x00007fd408bfb000)]
  0x00007fd42012e800 JavaThread "pool-1-thread-11" [_thread_blocked, id=20825, stack(0x00007fd408bfb000,0x00007fd408cfc000)]
  0x00007fd42012d800 JavaThread "pool-1-thread-10" [_thread_blocked, id=20824, stack(0x00007fd408cfc000,0x00007fd408dfd000)]
  0x00007fd420128800 JavaThread "pool-1-thread-9" [_thread_blocked, id=20823, stack(0x00007fd408dfd000,0x00007fd408efe000)]
  0x00007fd420126800 JavaThread "pool-1-thread-8" [_thread_blocked, id=20822, stack(0x00007fd408efe000,0x00007fd408fff000)]
  0x00007fd420124800 JavaThread "pool-1-thread-7" [_thread_blocked, id=20821, stack(0x00007fd408fff000,0x00007fd409100000)]
  0x00007fd420123000 JavaThread "pool-1-thread-6" [_thread_blocked, id=20820, stack(0x00007fd409100000,0x00007fd409201000)]
  0x00007fd4200e3800 JavaThread "pool-1-thread-5" [_thread_blocked, id=20819, stack(0x00007fd409201000,0x00007fd409302000)]
  0x00007fd4200e1800 JavaThread "pool-1-thread-4" [_thread_blocked, id=20818, stack(0x00007fd409302000,0x00007fd409403000)]
  0x00007fd4200e0000 JavaThread "pool-1-thread-3" [_thread_blocked, id=20817, stack(0x00007fd409403000,0x00007fd409504000)]
  0x00007fd4200de800 JavaThread "pool-1-thread-2" [_thread_blocked, id=20816, stack(0x00007fd409504000,0x00007fd409605000)]
  0x00007fd4200dd000 JavaThread "pool-1-thread-1" [_thread_blocked, id=20815, stack(0x00007fd409605000,0x00007fd409706000)]
  0x00007fd4200da800 JavaThread "Service Thread" daemon [_thread_blocked, id=20812, stack(0x00007fd409807000,0x00007fd409908000)]
  0x00007fd4200bd800 JavaThread "C1 CompilerThread2" daemon [_thread_blocked, id=20811, stack(0x00007fd409908000,0x00007fd409a09000)]
  0x00007fd4200bb800 JavaThread "C2 CompilerThread1" daemon [_thread_blocked, id=20810, stack(0x00007fd409a09000,0x00007fd409b0a000)]
  0x00007fd4200b8800 JavaThread "C2 CompilerThread0" daemon [_thread_blocked, id=20809, stack(0x00007fd409b0a000,0x00007fd409c0b000)]
  0x00007fd4200b4800 JavaThread "Signal Dispatcher" daemon [_thread_blocked, id=20808, stack(0x00007fd409c0b000,0x00007fd409d0c000)]
  0x00007fd420084000 JavaThread "Finalizer" daemon [_thread_blocked, id=20807, stack(0x00007fd409fe7000,0x00007fd40a0e8000)]
  0x00007fd42007f000 JavaThread "Reference Handler" daemon [_thread_blocked, id=20806, stack(0x00007fd40a0e8000,0x00007fd40a1e9000)]
  0x00007fd420009800 JavaThread "main" [_thread_blocked, id=20797, stack(0x00007fd42788d000,0x00007fd42798e000)]

Other Threads:
=>0x00007fd420077800 VMThread [stack: 0x00007fd40a1e9000,0x00007fd40a2ea000] [id=20805]
  0x00007fd4200e5000 WatcherThread [stack: 0x00007fd409706000,0x00007fd409807000] [id=20813]

VM state:at safepoint (normal execution)

VM Mutex/Monitor currently owned by a thread:  ([mutex/lock_event])
[0x00007fd420005ed0] Threads_lock - owner thread: 0x00007fd420077800
[0x00007fd4200063d0] Heap_lock - owner thread: 0x00007fd420132000

Heap:
 PSYoungGen      total 826368K, used 720K [0x000000076d100000, 0x000000079fa00000, 0x00000007c0000000)
  eden space 824320K, 0% used [0x000000076d100000,0x000000076d100000,0x000000079f600000)
  from space 2048K, 35% used [0x000000079f600000,0x000000079f6b4090,0x000000079f800000)
  to   space 2048K, 0% used [0x000000079f800000,0x000000079f800000,0x000000079fa00000)
 ParOldGen       total 171008K, used 1116K [0x00000006c7200000, 0x00000006d1900000, 0x000000076d100000)
  object space 171008K, 0% used [0x00000006c7200000,0x00000006c7317360,0x00000006d1900000)
 Metaspace       used 3565K, capacity 4568K, committed 4864K, reserved 1056768K
  class space    used 390K, capacity 392K, committed 512K, reserved 1048576K

Card table byte_map: [0x00007fd410838000,0x00007fd411000000] byte_map_base: 0x00007fd40d1ff000

Marking Bits: (ParMarkBitMap*) 0x00007fd426d59f60
 Begin Bits: [0x00007fd3ec390000, 0x00007fd3f01c8000)
 End Bits:   [0x00007fd3f01c8000, 0x00007fd3f4000000)

Polling page: 0x00007fd4279a7000

CodeCache: size=245760Kb used=2160Kb max_used=2160Kb free=243599Kb
 bounds [0x00007fd411000000, 0x00007fd411270000, 0x00007fd420000000]
 total_blobs=588 nmethods=345 adapters=157
 compilation: enabled

Compilation events (10 events):
Event: 10.197 Thread 0x00007fd4200bd800  341       3       java.util.concurrent.FutureTask::report (37 bytes)
Event: 10.198 Thread 0x00007fd4200bd800 nmethod 341 0x00007fd411219350 code [0x00007fd4112194e0, 0x00007fd4112198d8]
Event: 10.198 Thread 0x00007fd4200bd800  342   !   3       java.util.concurrent.LinkedBlockingQueue::take (93 bytes)
Event: 10.199 Thread 0x00007fd4200bd800 nmethod 342 0x00007fd411219a50 code [0x00007fd411219d40, 0x00007fd41121b3f8]
Event: 10.199 Thread 0x00007fd4200bd800  343       3       java.util.concurrent.locks.ReentrantLock::lockInterruptibly (9 bytes)
Event: 10.199 Thread 0x00007fd4200bd800 nmethod 343 0x00007fd41121c210 code [0x00007fd41121c3c0, 0x00007fd41121c8d8]
Event: 10.199 Thread 0x00007fd4200bd800  344       3       java.util.concurrent.locks.AbstractQueuedSynchronizer::acquireInterruptibly (28 bytes)
Event: 10.199 Thread 0x00007fd4200bd800 nmethod 344 0x00007fd41121cb10 code [0x00007fd41121ccc0, 0x00007fd41121d0f8]
Event: 10.218 Thread 0x00007fd4200bd800  345       3       java.util.concurrent.locks.ReentrantLock$Sync::nonfairTryAcquire (67 bytes)
Event: 10.219 Thread 0x00007fd4200bd800 nmethod 345 0x00007fd41121d290 code [0x00007fd41121d440, 0x00007fd41121db68]

GC Heap History (10 events):
Event: 8.282 GC heap after
Heap after GC invocations=6 (full 0):
 PSYoungGen      total 259072K, used 1520K [0x000000076d100000, 0x000000077d100000, 0x00000007c0000000)
  eden space 257536K, 0% used [0x000000076d100000,0x000000076d100000,0x000000077cc80000)
  from space 1536K, 98% used [0x000000077ce80000,0x000000077cffc050,0x000000077d000000)
  to   space 2048K, 0% used [0x000000077cc80000,0x000000077cc80000,0x000000077ce80000)
 ParOldGen       total 171008K, used 32K [0x00000006c7200000, 0x00000006d1900000, 0x000000076d100000)
  object space 171008K, 0% used [0x00000006c7200000,0x00000006c7208000,0x00000006d1900000)
 Metaspace       used 3526K, capacity 4568K, committed 4864K, reserved 1056768K
  class space    used 390K, capacity 392K, committed 512K, reserved 1048576K
}
Event: 8.970 GC heap before
{Heap before GC invocations=7 (full 0):
 PSYoungGen      total 259072K, used 259056K [0x000000076d100000, 0x000000077d100000, 0x00000007c0000000)
  eden space 257536K, 100% used [0x000000076d100000,0x000000077cc80000,0x000000077cc80000)
  from space 1536K, 98% used [0x000000077ce80000,0x000000077cffc050,0x000000077d000000)
  to   space 2048K, 0% used [0x000000077cc80000,0x000000077cc80000,0x000000077ce80000)
 ParOldGen       total 171008K, used 32K [0x00000006c7200000, 0x00000006d1900000, 0x000000076d100000)
  object space 171008K, 0% used [0x00000006c7200000,0x00000006c7208000,0x00000006d1900000)
 Metaspace       used 3527K, capacity 4568K, committed 4864K, reserved 1056768K
  class space    used 390K, capacity 392K, committed 512K, reserved 1048576K
Event: 8.981 GC heap after
Heap after GC invocations=7 (full 0):
 PSYoungGen      total 259584K, used 688K [0x000000076d100000, 0x000000078cc00000, 0x00000007c0000000)
  eden space 257536K, 0% used [0x000000076d100000,0x000000076d100000,0x000000077cc80000)
  from space 2048K, 33% used [0x000000077cc80000,0x000000077cd2c090,0x000000077ce80000)
  to   space 2048K, 0% used [0x000000078ca00000,0x000000078ca00000,0x000000078cc00000)
 ParOldGen       total 171008K, used 876K [0x00000006c7200000, 0x00000006d1900000, 0x000000076d100000)
  object space 171008K, 0% used [0x00000006c7200000,0x00000006c72db360,0x00000006d1900000)
 Metaspace       used 3527K, capacity 4568K, committed 4864K, reserved 1056768K
  class space    used 390K, capacity 392K, committed 512K, reserved 1048576K
}
Event: 9.349 GC heap before
{Heap before GC invocations=8 (full 0):
 PSYoungGen      total 259584K, used 258224K [0x000000076d100000, 0x000000078cc00000, 0x00000007c0000000)
  eden space 257536K, 100% used [0x000000076d100000,0x000000077cc80000,0x000000077cc80000)
  from space 2048K, 33% used [0x000000077cc80000,0x000000077cd2c090,0x000000077ce80000)
  to   space 2048K, 0% used [0x000000078ca00000,0x000000078ca00000,0x000000078cc00000)
 ParOldGen       total 171008K, used 876K [0x00000006c7200000, 0x00000006d1900000, 0x000000076d100000)
  object space 171008K, 0% used [0x00000006c7200000,0x00000006c72db360,0x00000006d1900000)
 Metaspace       used 3530K, capacity 4568K, committed 4864K, reserved 1056768K
  class space    used 390K, capacity 392K, committed 512K, reserved 1048576K
Event: 9.351 GC heap after
Heap after GC invocations=8 (full 0):
 PSYoungGen      total 517120K, used 752K [0x000000076d100000, 0x000000078cc00000, 0x00000007c0000000)
  eden space 515072K, 0% used [0x000000076d100000,0x000000076d100000,0x000000078c800000)
  from space 2048K, 36% used [0x000000078ca00000,0x000000078cabc050,0x000000078cc00000)
  to   space 2048K, 0% used [0x000000078c800000,0x000000078c800000,0x000000078ca00000)
 ParOldGen       total 171008K, used 900K [0x00000006c7200000, 0x00000006d1900000, 0x000000076d100000)
  object space 171008K, 0% used [0x00000006c7200000,0x00000006c72e1360,0x00000006d1900000)
 Metaspace       used 3530K, capacity 4568K, committed 4864K, reserved 1056768K
  class space    used 390K, capacity 392K, committed 512K, reserved 1048576K
}
Event: 9.699 GC heap before
{Heap before GC invocations=9 (full 0):
 PSYoungGen      total 517120K, used 515824K [0x000000076d100000, 0x000000078cc00000, 0x00000007c0000000)
  eden space 515072K, 100% used [0x000000076d100000,0x000000078c800000,0x000000078c800000)
  from space 2048K, 36% used [0x000000078ca00000,0x000000078cabc050,0x000000078cc00000)
  to   space 2048K, 0% used [0x000000078c800000,0x000000078c800000,0x000000078ca00000)
 ParOldGen       total 171008K, used 900K [0x00000006c7200000, 0x00000006d1900000, 0x000000076d100000)
  object space 171008K, 0% used [0x00000006c7200000,0x00000006c72e1360,0x00000006d1900000)
 Metaspace       used 3541K, capacity 4568K, committed 4864K, reserved 1056768K
  class space    used 390K, capacity 392K, committed 512K, reserved 1048576K
Event: 9.699 GC heap after
Heap after GC invocations=9 (full 0):
 PSYoungGen      total 517120K, used 752K [0x000000076d100000, 0x000000079fa00000, 0x00000007c0000000)
  eden space 515072K, 0% used [0x000000076d100000,0x000000076d100000,0x000000078c800000)
  from space 2048K, 36% used [0x000000078c800000,0x000000078c8bc0f0,0x000000078ca00000)
  to   space 2048K, 0% used [0x000000079f800000,0x000000079f800000,0x000000079fa00000)
 ParOldGen       total 171008K, used 940K [0x00000006c7200000, 0x00000006d1900000, 0x000000076d100000)
  object space 171008K, 0% used [0x00000006c7200000,0x00000006c72eb360,0x00000006d1900000)
 Metaspace       used 3541K, capacity 4568K, committed 4864K, reserved 1056768K
  class space    used 390K, capacity 392K, committed 512K, reserved 1048576K
}
Event: 9.991 GC heap before
{Heap before GC invocations=10 (full 0):
 PSYoungGen      total 517120K, used 515824K [0x000000076d100000, 0x000000079fa00000, 0x00000007c0000000)
  eden space 515072K, 100% used [0x000000076d100000,0x000000078c800000,0x000000078c800000)
  from space 2048K, 36% used [0x000000078c800000,0x000000078c8bc0f0,0x000000078ca00000)
  to   space 2048K, 0% used [0x000000079f800000,0x000000079f800000,0x000000079fa00000)
 ParOldGen       total 171008K, used 940K [0x00000006c7200000, 0x00000006d1900000, 0x000000076d100000)
  object space 171008K, 0% used [0x00000006c7200000,0x00000006c72eb360,0x00000006d1900000)
 Metaspace       used 3552K, capacity 4568K, committed 4864K, reserved 1056768K
  class space    used 390K, capacity 392K, committed 512K, reserved 1048576K
Event: 9.992 GC heap after
Heap after GC invocations=10 (full 0):
 PSYoungGen      total 826368K, used 720K [0x000000076d100000, 0x000000079fa00000, 0x00000007c0000000)
  eden space 824320K, 0% used [0x000000076d100000,0x000000076d100000,0x000000079f600000)
  from space 2048K, 35% used [0x000000079f800000,0x000000079f8b4090,0x000000079fa00000)
  to   space 2048K, 0% used [0x000000079f600000,0x000000079f600000,0x000000079f800000)
 ParOldGen       total 171008K, used 996K [0x00000006c7200000, 0x00000006d1900000, 0x000000076d100000)
  object space 171008K, 0% used [0x00000006c7200000,0x00000006c72f9360,0x00000006d1900000)
 Metaspace       used 3552K, capacity 4568K, committed 4864K, reserved 1056768K
  class space    used 390K, capacity 392K, committed 512K, reserved 1048576K
}
Event: 10.472 GC heap before
{Heap before GC invocations=11 (full 0):
 PSYoungGen      total 826368K, used 825040K [0x000000076d100000, 0x000000079fa00000, 0x00000007c0000000)
  eden space 824320K, 100% used [0x000000076d100000,0x000000079f600000,0x000000079f600000)
  from space 2048K, 35% used [0x000000079f800000,0x000000079f8b4090,0x000000079fa00000)
  to   space 2048K, 0% used [0x000000079f600000,0x000000079f600000,0x000000079f800000)
 ParOldGen       total 171008K, used 996K [0x00000006c7200000, 0x00000006d1900000, 0x000000076d100000)
  object space 171008K, 0% used [0x00000006c7200000,0x00000006c72f9360,0x00000006d1900000)
 Metaspace       used 3565K, capacity 4568K, committed 4864K, reserved 1056768K
  class space    used 390K, capacity 392K, committed 512K, reserved 1048576K

Deoptimization events (6 events):
Event: 7.914 Thread 0x00007fd420009800 Uncommon trap: reason=unstable_if action=reinterpret pc=0x00007fd41113a614 method=java.lang.String.lastIndexOf(II)I @ 23
Event: 7.987 Thread 0x00007fd420128800 Uncommon trap: reason=unstable_if action=reinterpret pc=0x00007fd411177938 method=java.io.BufferedReader.readLine(Z)Ljava/lang/String; @ 55
Event: 8.006 Thread 0x00007fd42013a800 Uncommon trap: reason=unstable_if action=reinterpret pc=0x00007fd411176b90 method=java.lang.String.trim()Ljava/lang/String; @ 23
Event: 8.006 Thread 0x00007fd42013a800 Uncommon trap: reason=unstable_if action=reinterpret pc=0x00007fd411180fa4 method=java.lang.Integer.parseInt(Ljava/lang/String;I)I @ 122
Event: 8.006 Thread 0x00007fd42013a800 Uncommon trap: reason=unstable_if action=reinterpret pc=0x00007fd4111760b4 method=java.lang.Integer.parseInt(Ljava/lang/String;I)I @ 122
Event: 9.113 Thread 0x00007fd42012d800 Uncommon trap: reason=unstable_if action=reinterpret pc=0x00007fd4111d7d58 method=Worker.call()Ljava/lang/Object; @ 307

Internal exceptions (6 events):
Event: 0.024 Thread 0x00007fd420009800 Exception <a 'java/lang/NoSuchMethodError': Method sun.misc.Unsafe.defineClass(Ljava/lang/String;[BII)Ljava/lang/Class; name or signature does not match> (0x000000076d107ca8) thrown at [/HUDSON/workspace/8-2-build-linux-amd64/jdk8u131/8869/hotspot/src/sha
Event: 0.024 Thread 0x00007fd420009800 Exception <a 'java/lang/NoSuchMethodError': Method sun.misc.Unsafe.prefetchRead(Ljava/lang/Object;J)V name or signature does not match> (0x000000076d107f90) thrown at [/HUDSON/workspace/8-2-build-linux-amd64/jdk8u131/8869/hotspot/src/share/vm/prims/jni.cp
Event: 0.063 Thread 0x00007fd420009800 Exception <a 'java/security/PrivilegedActionException'> (0x000000076d184c00) thrown at [/HUDSON/workspace/8-2-build-linux-amd64/jdk8u131/8869/hotspot/src/share/vm/prims/jvm.cpp, line 1390]
Event: 0.063 Thread 0x00007fd420009800 Exception <a 'java/security/PrivilegedActionException'> (0x000000076d184ff8) thrown at [/HUDSON/workspace/8-2-build-linux-amd64/jdk8u131/8869/hotspot/src/share/vm/prims/jvm.cpp, line 1390]
Event: 0.063 Thread 0x00007fd420009800 Exception <a 'java/security/PrivilegedActionException'> (0x000000076d187648) thrown at [/HUDSON/workspace/8-2-build-linux-amd64/jdk8u131/8869/hotspot/src/share/vm/prims/jvm.cpp, line 1390]
Event: 0.063 Thread 0x00007fd420009800 Exception <a 'java/security/PrivilegedActionException'> (0x000000076d187a40) thrown at [/HUDSON/workspace/8-2-build-linux-amd64/jdk8u131/8869/hotspot/src/share/vm/prims/jvm.cpp, line 1390]

Events (10 events):
Event: 9.490 Thread 0x00007fd42012d800 DEOPT UNPACKING pc=0x00007fd411047633 sp=0x00007fd408dfb298 mode 0
Event: 9.494 Thread 0x00007fd420123000 DEOPT PACKING pc=0x00007fd4111c7f24 sp=0x00007fd4091ff6b0
Event: 9.494 Thread 0x00007fd420123000 DEOPT UNPACKING pc=0x00007fd411047633 sp=0x00007fd4091ff498 mode 0
Event: 9.499 Thread 0x00007fd42013c800 DEOPT PACKING pc=0x00007fd4111c7f24 sp=0x00007fd4084f2530
Event: 9.499 Thread 0x00007fd42013c800 DEOPT UNPACKING pc=0x00007fd411047633 sp=0x00007fd4084f2318 mode 0
Event: 9.699 Executing VM operation: ParallelGCFailedAllocation
Event: 9.699 Executing VM operation: ParallelGCFailedAllocation done
Event: 9.991 Executing VM operation: ParallelGCFailedAllocation
Event: 9.992 Executing VM operation: ParallelGCFailedAllocation done
Event: 10.472 Executing VM operation: ParallelGCFailedAllocation


Dynamic libraries:
00400000-00401000 r-xp 00000000 08:06 395767                             /usr/lib/java/jdk1.8.0_131/bin/java
00600000-00601000 rw-p 00000000 08:06 395767                             /usr/lib/java/jdk1.8.0_131/bin/java
013a7000-013c8000 rw-p 00000000 00:00 0                                  [heap]
6c7200000-6d1900000 rw-p 00000000 00:00 0 
6d1900000-76d100000 ---p 00000000 00:00 0 
76d100000-79fa00000 rw-p 00000000 00:00 0 
7bdd00000-7c0000000 ---p 00000000 00:00 0 
7c0000000-7c0080000 rw-p 00000000 00:00 0 
7c0080000-800000000 ---p 00000000 00:00 0 
7fd388000000-7fd388021000 rw-p 00000000 00:00 0 
7fd388021000-7fd38c000000 ---p 00000000 00:00 0 
7fd390000000-7fd390021000 rw-p 00000000 00:00 0 
7fd390021000-7fd394000000 ---p 00000000 00:00 0 
7fd394000000-7fd394021000 rw-p 00000000 00:00 0 
7fd394021000-7fd398000000 ---p 00000000 00:00 0 
7fd398000000-7fd398021000 rw-p 00000000 00:00 0 
7fd398021000-7fd39c000000 ---p 00000000 00:00 0 
7fd39c000000-7fd39c021000 rw-p 00000000 00:00 0 
7fd39c021000-7fd3a0000000 ---p 00000000 00:00 0 
7fd3a0000000-7fd3a0021000 rw-p 00000000 00:00 0 
7fd3a0021000-7fd3a4000000 ---p 00000000 00:00 0 
7fd3a4000000-7fd3a4021000 rw-p 00000000 00:00 0 
7fd3a4021000-7fd3a8000000 ---p 00000000 00:00 0 
7fd3a8000000-7fd3a8021000 rw-p 00000000 00:00 0 
7fd3a8021000-7fd3ac000000 ---p 00000000 00:00 0 
7fd3ac000000-7fd3ac021000 rw-p 00000000 00:00 0 
7fd3ac021000-7fd3b0000000 ---p 00000000 00:00 0 
7fd3b0000000-7fd3b0021000 rw-p 00000000 00:00 0 
7fd3b0021000-7fd3b4000000 ---p 00000000 00:00 0 
7fd3b4000000-7fd3b4021000 rw-p 00000000 00:00 0 
7fd3b4021000-7fd3b8000000 ---p 00000000 00:00 0 
7fd3b8000000-7fd3b8021000 rw-p 00000000 00:00 0 
7fd3b8021000-7fd3bc000000 ---p 00000000 00:00 0 
7fd3bc000000-7fd3bc021000 rw-p 00000000 00:00 0 
7fd3bc021000-7fd3c0000000 ---p 00000000 00:00 0 
7fd3c0000000-7fd3c0021000 rw-p 00000000 00:00 0 
7fd3c0021000-7fd3c4000000 ---p 00000000 00:00 0 
7fd3c4000000-7fd3c4021000 rw-p 00000000 00:00 0 
7fd3c4021000-7fd3c8000000 ---p 00000000 00:00 0 
7fd3c8000000-7fd3c8021000 rw-p 00000000 00:00 0 
7fd3c8021000-7fd3cc000000 ---p 00000000 00:00 0 
7fd3cc000000-7fd3cc021000 rw-p 00000000 00:00 0 
7fd3cc021000-7fd3d0000000 ---p 00000000 00:00 0 
7fd3d0000000-7fd3d0283000 rw-p 00000000 00:00 0 
7fd3d0283000-7fd3d4000000 ---p 00000000 00:00 0 
7fd3d4000000-7fd3d4021000 rw-p 00000000 00:00 0 
7fd3d4021000-7fd3d8000000 ---p 00000000 00:00 0 
7fd3d8000000-7fd3d8478000 rw-p 00000000 00:00 0 
7fd3d8478000-7fd3dc000000 ---p 00000000 00:00 0 
7fd3dc000000-7fd3dcaa4000 rw-p 00000000 00:00 0 
7fd3dcaa4000-7fd3e0000000 ---p 00000000 00:00 0 
7fd3e0000000-7fd3e0021000 rw-p 00000000 00:00 0 
7fd3e0021000-7fd3e4000000 ---p 00000000 00:00 0 
7fd3e4000000-7fd3e4021000 rw-p 00000000 00:00 0 
7fd3e4021000-7fd3e8000000 ---p 00000000 00:00 0 
7fd3e8000000-7fd3e8021000 rw-p 00000000 00:00 0 
7fd3e8021000-7fd3ec000000 ---p 00000000 00:00 0 
7fd3ec390000-7fd3f4000000 rw-p 00000000 00:00 0 
7fd3f4000000-7fd3f4021000 rw-p 00000000 00:00 0 
7fd3f4021000-7fd3f8000000 ---p 00000000 00:00 0 
7fd3f8000000-7fd3f80f8000 rw-p 00000000 00:00 0 
7fd3f80f8000-7fd3fc000000 ---p 00000000 00:00 0 
7fd3fc000000-7fd3fc021000 rw-p 00000000 00:00 0 
7fd3fc021000-7fd400000000 ---p 00000000 00:00 0 
7fd400000000-7fd400021000 rw-p 00000000 00:00 0 
7fd400021000-7fd404000000 ---p 00000000 00:00 0 
7fd404000000-7fd404021000 rw-p 00000000 00:00 0 
7fd404021000-7fd408000000 ---p 00000000 00:00 0 
7fd40815b000-7fd4082f2000 rw-p 00000000 00:00 0 
7fd4082f2000-7fd4082f5000 ---p 00000000 00:00 0 
7fd4082f5000-7fd4083f3000 rw-p 00000000 00:00 0 
7fd4083f3000-7fd4083f6000 ---p 00000000 00:00 0 
7fd4083f6000-7fd4084f4000 rw-p 00000000 00:00 0 
7fd4084f4000-7fd4084f7000 ---p 00000000 00:00 0 
7fd4084f7000-7fd4085f5000 rw-p 00000000 00:00 0 
7fd4085f5000-7fd4085f8000 ---p 00000000 00:00 0 
7fd4085f8000-7fd4086f6000 rw-p 00000000 00:00 0 
7fd4086f6000-7fd4086f9000 ---p 00000000 00:00 0 
7fd4086f9000-7fd4087f7000 rw-p 00000000 00:00 0 
7fd4087f7000-7fd4087fa000 ---p 00000000 00:00 0 
7fd4087fa000-7fd4088f8000 rw-p 00000000 00:00 0 
7fd4088f8000-7fd4088fb000 ---p 00000000 00:00 0 
7fd4088fb000-7fd4089f9000 rw-p 00000000 00:00 0 
7fd4089f9000-7fd4089fc000 ---p 00000000 00:00 0 
7fd4089fc000-7fd408afa000 rw-p 00000000 00:00 0 
7fd408afa000-7fd408afd000 ---p 00000000 00:00 0 
7fd408afd000-7fd408bfb000 rw-p 00000000 00:00 0 
7fd408bfb000-7fd408bfe000 ---p 00000000 00:00 0 
7fd408bfe000-7fd408cfc000 rw-p 00000000 00:00 0 
7fd408cfc000-7fd408cff000 ---p 00000000 00:00 0 
7fd408cff000-7fd408dfd000 rw-p 00000000 00:00 0 
7fd408dfd000-7fd408e00000 ---p 00000000 00:00 0 
7fd408e00000-7fd408efe000 rw-p 00000000 00:00 0 
7fd408efe000-7fd408f01000 ---p 00000000 00:00 0 
7fd408f01000-7fd408fff000 rw-p 00000000 00:00 0 
7fd408fff000-7fd409002000 ---p 00000000 00:00 0 
7fd409002000-7fd409100000 rw-p 00000000 00:00 0 
7fd409100000-7fd409103000 ---p 00000000 00:00 0 
7fd409103000-7fd409201000 rw-p 00000000 00:00 0 
7fd409201000-7fd409204000 ---p 00000000 00:00 0 
7fd409204000-7fd409302000 rw-p 00000000 00:00 0 
7fd409302000-7fd409305000 ---p 00000000 00:00 0 
7fd409305000-7fd409403000 rw-p 00000000 00:00 0 
7fd409403000-7fd409406000 ---p 00000000 00:00 0 
7fd409406000-7fd409504000 rw-p 00000000 00:00 0 
7fd409504000-7fd409507000 ---p 00000000 00:00 0 
7fd409507000-7fd409605000 rw-p 00000000 00:00 0 
7fd409605000-7fd409608000 ---p 00000000 00:00 0 
7fd409608000-7fd409706000 rw-p 00000000 00:00 0 
7fd409706000-7fd409707000 ---p 00000000 00:00 0 
7fd409707000-7fd409807000 rw-p 00000000 00:00 0 
7fd409807000-7fd40980a000 ---p 00000000 00:00 0 
7fd40980a000-7fd409908000 rw-p 00000000 00:00 0 
7fd409908000-7fd40990b000 ---p 00000000 00:00 0 
7fd40990b000-7fd409a09000 rw-p 00000000 00:00 0 
7fd409a09000-7fd409a0c000 ---p 00000000 00:00 0 
7fd409a0c000-7fd409b0a000 rw-p 00000000 00:00 0 
7fd409b0a000-7fd409b0d000 ---p 00000000 00:00 0 
7fd409b0d000-7fd409c0b000 rw-p 00000000 00:00 0 
7fd409c0b000-7fd409c0e000 ---p 00000000 00:00 0 
7fd409c0e000-7fd409d0c000 rw-p 00000000 00:00 0 
7fd409d0c000-7fd409fe7000 r--p 00000000 08:06 1443866                    /usr/lib/locale/locale-archive
7fd409fe7000-7fd409fea000 ---p 00000000 00:00 0 
7fd409fea000-7fd40a0e8000 rw-p 00000000 00:00 0 
7fd40a0e8000-7fd40a0eb000 ---p 00000000 00:00 0 
7fd40a0eb000-7fd40a1e9000 rw-p 00000000 00:00 0 
7fd40a1e9000-7fd40a1ea000 ---p 00000000 00:00 0 
7fd40a1ea000-7fd40b479000 rw-p 00000000 00:00 0 
7fd40b479000-7fd40b839000 ---p 00000000 00:00 0 
7fd40b839000-7fd40c000000 rw-p 00000000 00:00 0 
7fd40c000000-7fd40c021000 rw-p 00000000 00:00 0 
7fd40c021000-7fd410000000 ---p 00000000 00:00 0 
7fd410017000-7fd41025b000 rw-p 00000000 00:00 0 
7fd41025b000-7fd410434000 r--s 03d40000 08:06 819645                     /usr/lib/java/jdk1.8.0_131/jre/lib/rt.jar
7fd410434000-7fd410435000 ---p 00000000 00:00 0 
7fd410435000-7fd410535000 rw-p 00000000 00:00 0 
7fd410535000-7fd410536000 ---p 00000000 00:00 0 
7fd410536000-7fd410636000 rw-p 00000000 00:00 0 
7fd410636000-7fd410637000 ---p 00000000 00:00 0 
7fd410637000-7fd410737000 rw-p 00000000 00:00 0 
7fd410737000-7fd410738000 ---p 00000000 00:00 0 
7fd410738000-7fd41088c000 rw-p 00000000 00:00 0 
7fd41088c000-7fd410d67000 ---p 00000000 00:00 0 
7fd410d67000-7fd410efc000 rw-p 00000000 00:00 0 
7fd410efc000-7fd410fff000 ---p 00000000 00:00 0 
7fd410fff000-7fd411000000 rw-p 00000000 00:00 0 
7fd411000000-7fd411270000 rwxp 00000000 00:00 0 
7fd411270000-7fd420000000 ---p 00000000 00:00 0 
7fd420000000-7fd420141000 rw-p 00000000 00:00 0 
7fd420141000-7fd424000000 ---p 00000000 00:00 0 
7fd424018000-7fd424152000 rw-p 00000000 00:00 0 
7fd424152000-7fd42462e000 ---p 00000000 00:00 0 
7fd42462e000-7fd424638000 rw-p 00000000 00:00 0 
7fd424638000-7fd4249ee000 ---p 00000000 00:00 0 
7fd4249ee000-7fd424a08000 r-xp 00000000 08:06 819850                     /usr/lib/java/jdk1.8.0_131/jre/lib/amd64/libzip.so
7fd424a08000-7fd424c08000 ---p 0001a000 08:06 819850                     /usr/lib/java/jdk1.8.0_131/jre/lib/amd64/libzip.so
7fd424c08000-7fd424c09000 rw-p 0001a000 08:06 819850                     /usr/lib/java/jdk1.8.0_131/jre/lib/amd64/libzip.so
7fd424c09000-7fd424c14000 r-xp 00000000 08:06 307110                     /lib/x86_64-linux-gnu/libnss_files-2.24.so
7fd424c14000-7fd424e13000 ---p 0000b000 08:06 307110                     /lib/x86_64-linux-gnu/libnss_files-2.24.so
7fd424e13000-7fd424e14000 r--p 0000a000 08:06 307110                     /lib/x86_64-linux-gnu/libnss_files-2.24.so
7fd424e14000-7fd424e15000 rw-p 0000b000 08:06 307110                     /lib/x86_64-linux-gnu/libnss_files-2.24.so
7fd424e15000-7fd424e1b000 rw-p 00000000 00:00 0 
7fd424e1b000-7fd424e26000 r-xp 00000000 08:06 307112                     /lib/x86_64-linux-gnu/libnss_nis-2.24.so
7fd424e26000-7fd425025000 ---p 0000b000 08:06 307112                     /lib/x86_64-linux-gnu/libnss_nis-2.24.so
7fd425025000-7fd425026000 r--p 0000a000 08:06 307112                     /lib/x86_64-linux-gnu/libnss_nis-2.24.so
7fd425026000-7fd425027000 rw-p 0000b000 08:06 307112                     /lib/x86_64-linux-gnu/libnss_nis-2.24.so
7fd425027000-7fd42503d000 r-xp 00000000 08:06 307106                     /lib/x86_64-linux-gnu/libnsl-2.24.so
7fd42503d000-7fd42523c000 ---p 00016000 08:06 307106                     /lib/x86_64-linux-gnu/libnsl-2.24.so
7fd42523c000-7fd42523d000 r--p 00015000 08:06 307106                     /lib/x86_64-linux-gnu/libnsl-2.24.so
7fd42523d000-7fd42523e000 rw-p 00016000 08:06 307106                     /lib/x86_64-linux-gnu/libnsl-2.24.so
7fd42523e000-7fd425240000 rw-p 00000000 00:00 0 
7fd425240000-7fd425248000 r-xp 00000000 08:06 307107                     /lib/x86_64-linux-gnu/libnss_compat-2.24.so
7fd425248000-7fd425447000 ---p 00008000 08:06 307107                     /lib/x86_64-linux-gnu/libnss_compat-2.24.so
7fd425447000-7fd425448000 r--p 00007000 08:06 307107                     /lib/x86_64-linux-gnu/libnss_compat-2.24.so
7fd425448000-7fd425449000 rw-p 00008000 08:06 307107                     /lib/x86_64-linux-gnu/libnss_compat-2.24.so
7fd425449000-7fd425474000 r-xp 00000000 08:06 819844                     /usr/lib/java/jdk1.8.0_131/jre/lib/amd64/libjava.so
7fd425474000-7fd425673000 ---p 0002b000 08:06 819844                     /usr/lib/java/jdk1.8.0_131/jre/lib/amd64/libjava.so
7fd425673000-7fd425675000 rw-p 0002a000 08:06 819844                     /usr/lib/java/jdk1.8.0_131/jre/lib/amd64/libjava.so
7fd425675000-7fd425682000 r-xp 00000000 08:06 819849                     /usr/lib/java/jdk1.8.0_131/jre/lib/amd64/libverify.so
7fd425682000-7fd425881000 ---p 0000d000 08:06 819849                     /usr/lib/java/jdk1.8.0_131/jre/lib/amd64/libverify.so
7fd425881000-7fd425883000 rw-p 0000c000 08:06 819849                     /usr/lib/java/jdk1.8.0_131/jre/lib/amd64/libverify.so
7fd425883000-7fd42588a000 r-xp 00000000 08:06 308069                     /lib/x86_64-linux-gnu/librt-2.24.so
7fd42588a000-7fd425a89000 ---p 00007000 08:06 308069                     /lib/x86_64-linux-gnu/librt-2.24.so
7fd425a89000-7fd425a8a000 r--p 00006000 08:06 308069                     /lib/x86_64-linux-gnu/librt-2.24.so
7fd425a8a000-7fd425a8b000 rw-p 00007000 08:06 308069                     /lib/x86_64-linux-gnu/librt-2.24.so
7fd425a8b000-7fd425b93000 r-xp 00000000 08:06 307095                     /lib/x86_64-linux-gnu/libm-2.24.so
7fd425b93000-7fd425d92000 ---p 00108000 08:06 307095                     /lib/x86_64-linux-gnu/libm-2.24.so
7fd425d92000-7fd425d93000 r--p 00107000 08:06 307095                     /lib/x86_64-linux-gnu/libm-2.24.so
7fd425d93000-7fd425d94000 rw-p 00108000 08:06 307095                     /lib/x86_64-linux-gnu/libm-2.24.so
7fd425d94000-7fd426a63000 r-xp 00000000 08:06 819827                     /usr/lib/java/jdk1.8.0_131/jre/lib/amd64/server/libjvm.so
7fd426a63000-7fd426c63000 ---p 00ccf000 08:06 819827                     /usr/lib/java/jdk1.8.0_131/jre/lib/amd64/server/libjvm.so
7fd426c63000-7fd426d3c000 rw-p 00ccf000 08:06 819827                     /usr/lib/java/jdk1.8.0_131/jre/lib/amd64/server/libjvm.so
7fd426d3c000-7fd426d87000 rw-p 00000000 00:00 0 
7fd426d87000-7fd426f45000 r-xp 00000000 08:06 307087                     /lib/x86_64-linux-gnu/libc-2.24.so
7fd426f45000-7fd427144000 ---p 001be000 08:06 307087                     /lib/x86_64-linux-gnu/libc-2.24.so
7fd427144000-7fd427148000 r--p 001bd000 08:06 307087                     /lib/x86_64-linux-gnu/libc-2.24.so
7fd427148000-7fd42714a000 rw-p 001c1000 08:06 307087                     /lib/x86_64-linux-gnu/libc-2.24.so
7fd42714a000-7fd42714e000 rw-p 00000000 00:00 0 
7fd42714e000-7fd427151000 r-xp 00000000 08:06 307094                     /lib/x86_64-linux-gnu/libdl-2.24.so
7fd427151000-7fd427350000 ---p 00003000 08:06 307094                     /lib/x86_64-linux-gnu/libdl-2.24.so
7fd427350000-7fd427351000 r--p 00002000 08:06 307094                     /lib/x86_64-linux-gnu/libdl-2.24.so
7fd427351000-7fd427352000 rw-p 00003000 08:06 307094                     /lib/x86_64-linux-gnu/libdl-2.24.so
7fd427352000-7fd427367000 r-xp 00000000 08:06 406533                     /usr/lib/java/jdk1.8.0_131/lib/amd64/jli/libjli.so
7fd427367000-7fd427567000 ---p 00015000 08:06 406533                     /usr/lib/java/jdk1.8.0_131/lib/amd64/jli/libjli.so
7fd427567000-7fd427568000 rw-p 00015000 08:06 406533                     /usr/lib/java/jdk1.8.0_131/lib/amd64/jli/libjli.so
7fd427568000-7fd427580000 r-xp 00000000 08:06 307811                     /lib/x86_64-linux-gnu/libpthread-2.24.so
7fd427580000-7fd427780000 ---p 00018000 08:06 307811                     /lib/x86_64-linux-gnu/libpthread-2.24.so
7fd427780000-7fd427781000 r--p 00018000 08:06 307811                     /lib/x86_64-linux-gnu/libpthread-2.24.so
7fd427781000-7fd427782000 rw-p 00019000 08:06 307811                     /lib/x86_64-linux-gnu/libpthread-2.24.so
7fd427782000-7fd427786000 rw-p 00000000 00:00 0 
7fd427786000-7fd4277ac000 r-xp 00000000 08:06 307081                     /lib/x86_64-linux-gnu/ld-2.24.so
7fd4277bc000-7fd42788d000 rw-p 00000000 00:00 0 
7fd42788d000-7fd427890000 ---p 00000000 00:00 0 
7fd427890000-7fd427990000 rw-p 00000000 00:00 0 
7fd42799e000-7fd4279a6000 rw-s 00000000 08:06 1322365                    /tmp/hsperfdata_ghislain/20795
7fd4279a6000-7fd4279a7000 rw-p 00000000 00:00 0 
7fd4279a7000-7fd4279a8000 ---p 00000000 00:00 0 
7fd4279a8000-7fd4279ab000 rw-p 00000000 00:00 0 
7fd4279ab000-7fd4279ac000 r--p 00025000 08:06 307081                     /lib/x86_64-linux-gnu/ld-2.24.so
7fd4279ac000-7fd4279ad000 rw-p 00026000 08:06 307081                     /lib/x86_64-linux-gnu/ld-2.24.so
7fd4279ad000-7fd4279ae000 rw-p 00000000 00:00 0 
7fffdd79b000-7fffdd7bc000 rw-p 00000000 00:00 0                          [stack]
7fffdd7de000-7fffdd7e0000 r--p 00000000 00:00 0                          [vvar]
7fffdd7e0000-7fffdd7e2000 r-xp 00000000 00:00 0                          [vdso]
ffffffffff600000-ffffffffff601000 r-xp 00000000 00:00 0                  [vsyscall]

VM Arguments:
jvm_args: -Dfile.encoding=UTF-8 
java_command: Driver
java_class_path (initial): /home/ghislain/Documents/workspace-sts-3.8.4.RELEASE/Assignment2/bin
Launcher Type: SUN_STANDARD

Environment Variables:
PATH=/usr/local/sbin:/usr/local/bin:/usr/sbin:/usr/bin:/sbin:/bin:/usr/games:/usr/local/games:/snap/bin
SHELL=/bin/bash
DISPLAY=:0

Signal Handlers:
SIGSEGV: [libjvm.so+0xac8af0], sa_mask[0]=11111111011111111101111111111110, sa_flags=SA_RESTART|SA_SIGINFO
SIGBUS: [libjvm.so+0xac8af0], sa_mask[0]=11111111011111111101111111111110, sa_flags=SA_RESTART|SA_SIGINFO
SIGFPE: [libjvm.so+0x921dd0], sa_mask[0]=11111111011111111101111111111110, sa_flags=SA_RESTART|SA_SIGINFO
SIGPIPE: [libjvm.so+0x921dd0], sa_mask[0]=11111111011111111101111111111110, sa_flags=SA_RESTART|SA_SIGINFO
SIGXFSZ: [libjvm.so+0x921dd0], sa_mask[0]=11111111011111111101111111111110, sa_flags=SA_RESTART|SA_SIGINFO
SIGILL: [libjvm.so+0x921dd0], sa_mask[0]=11111111011111111101111111111110, sa_flags=SA_RESTART|SA_SIGINFO
SIGUSR1: SIG_DFL, sa_mask[0]=00000000000000000000000000000000, sa_flags=none
SIGUSR2: [libjvm.so+0x923610], sa_mask[0]=00100000000000000000000000000000, sa_flags=SA_RESTART|SA_SIGINFO
SIGHUP: [libjvm.so+0x924a10], sa_mask[0]=11111111011111111101111111111110, sa_flags=SA_RESTART|SA_SIGINFO
SIGINT: [libjvm.so+0x924a10], sa_mask[0]=11111111011111111101111111111110, sa_flags=SA_RESTART|SA_SIGINFO
SIGTERM: [libjvm.so+0x924a10], sa_mask[0]=11111111011111111101111111111110, sa_flags=SA_RESTART|SA_SIGINFO
SIGQUIT: [libjvm.so+0x924a10], sa_mask[0]=11111111011111111101111111111110, sa_flags=SA_RESTART|SA_SIGINFO


---------------  S Y S T E M  ---------------

OS:DISTRIB_ID=Ubuntu
DISTRIB_RELEASE=17.04
DISTRIB_CODENAME=zesty
DISTRIB_DESCRIPTION="Ubuntu 17.04"

uname:Linux 4.10.0-22-generic #24-Ubuntu SMP Mon May 22 17:43:20 UTC 2017 x86_64
libc:glibc 2.24 NPTL 2.24 
rlimit: STACK 8192k, CORE 0k, NPROC 63151, NOFILE 4096, AS infinity
load average:1.29 0.68 0.59

/proc/meminfo:
MemTotal:       16308744 kB
MemFree:          161064 kB
MemAvailable:      66024 kB
Buffers:            1792 kB
Cached:           311560 kB
SwapCached:        43872 kB
Active:         14513572 kB
Inactive:        1364132 kB
Active(anon):   14463504 kB
Inactive(anon):  1311300 kB
Active(file):      50068 kB
Inactive(file):    52832 kB
Unevictable:          48 kB
Mlocked:              48 kB
SwapTotal:       1354936 kB
SwapFree:         185964 kB
Dirty:               132 kB
Writeback:             0 kB
AnonPages:      15522784 kB
Mapped:           192644 kB
Shmem:            210240 kB
Slab:              98592 kB
SReclaimable:      49580 kB
SUnreclaim:        49012 kB
KernelStack:       18208 kB
PageTables:        72148 kB
NFS_Unstable:          0 kB
Bounce:                0 kB
WritebackTmp:          0 kB
CommitLimit:     9509308 kB
Committed_AS:   25311188 kB
VmallocTotal:   34359738367 kB
VmallocUsed:           0 kB
VmallocChunk:          0 kB
HardwareCorrupted:     0 kB
AnonHugePages:  11462656 kB
ShmemHugePages:        0 kB
ShmemPmdMapped:        0 kB
CmaTotal:              0 kB
CmaFree:               0 kB
HugePages_Total:       0
HugePages_Free:        0
HugePages_Rsvd:        0
HugePages_Surp:        0
Hugepagesize:       2048 kB
DirectMap4k:      185384 kB
DirectMap2M:    11227136 kB
DirectMap1G:     6291456 kB


CPU:total 4 (initial active 4) (2 cores per cpu, 2 threads per core) family 6 model 142 stepping 9, cmov, cx8, fxsr, mmx, sse, sse2, sse3, ssse3, sse4.1, sse4.2, popcnt, avx, avx2, aes, clmul, erms, 3dnowpref, lzcnt, ht, tsc, tscinvbit, bmi1, bmi2, adx

/proc/cpuinfo:
processor	: 0
vendor_id	: GenuineIntel
cpu family	: 6
model		: 142
model name	: Intel(R) Core(TM) i7-7500U CPU @ 2.70GHz
stepping	: 9
microcode	: 0x38
cpu MHz		: 3427.288
cache size	: 4096 KB
physical id	: 0
siblings	: 4
core id		: 0
cpu cores	: 2
apicid		: 0
initial apicid	: 0
fpu		: yes
fpu_exception	: yes
cpuid level	: 22
wp		: yes
flags		: fpu vme de pse tsc msr pae mce cx8 apic sep mtrr pge mca cmov pat pse36 clflush dts acpi mmx fxsr sse sse2 ss ht tm pbe syscall nx pdpe1gb rdtscp lm constant_tsc art arch_perfmon pebs bts rep_good nopl xtopology nonstop_tsc aperfmperf tsc_known_freq pni pclmulqdq dtes64 monitor ds_cpl vmx est tm2 ssse3 sdbg fma cx16 xtpr pdcm pcid sse4_1 sse4_2 x2apic movbe popcnt tsc_deadline_timer aes xsave avx f16c rdrand lahf_lm abm 3dnowprefetch epb intel_pt tpr_shadow vnmi flexpriority ept vpid fsgsbase tsc_adjust bmi1 avx2 smep bmi2 erms invpcid mpx rdseed adx smap clflushopt xsaveopt xsavec xgetbv1 xsaves dtherm ida arat pln pts hwp hwp_notify hwp_act_window hwp_epp
bugs		:
bogomips	: 5808.00
clflush size	: 64
cache_alignment	: 64
address sizes	: 39 bits physical, 48 bits virtual
power management:

processor	: 1
vendor_id	: GenuineIntel
cpu family	: 6
model		: 142
model name	: Intel(R) Core(TM) i7-7500U CPU @ 2.70GHz
stepping	: 9
microcode	: 0x38
cpu MHz		: 3492.956
cache size	: 4096 KB
physical id	: 0
siblings	: 4
core id		: 1
cpu cores	: 2
apicid		: 2
initial apicid	: 2
fpu		: yes
fpu_exception	: yes
cpuid level	: 22
wp		: yes
flags		: fpu vme de pse tsc msr pae mce cx8 apic sep mtrr pge mca cmov pat pse36 clflush dts acpi mmx fxsr sse sse2 ss ht tm pbe syscall nx pdpe1gb rdtscp lm constant_tsc art arch_perfmon pebs bts rep_good nopl xtopology nonstop_tsc aperfmperf tsc_known_freq pni pclmulqdq dtes64 monitor ds_cpl vmx est tm2 ssse3 sdbg fma cx16 xtpr pdcm pcid sse4_1 sse4_2 x2apic movbe popcnt tsc_deadline_timer aes xsave avx f16c rdrand lahf_lm abm 3dnowprefetch epb intel_pt tpr_shadow vnmi flexpriority ept vpid fsgsbase tsc_adjust bmi1 avx2 smep bmi2 erms invpcid mpx rdseed adx smap clflushopt xsaveopt xsavec xgetbv1 xsaves dtherm ida arat pln pts hwp hwp_notify hwp_act_window hwp_epp
bugs		:
bogomips	: 5808.00
clflush size	: 64
cache_alignment	: 64
address sizes	: 39 bits physical, 48 bits virtual
power management:

processor	: 2
vendor_id	: GenuineIntel
cpu family	: 6
model		: 142
model name	: Intel(R) Core(TM) i7-7500U CPU @ 2.70GHz
stepping	: 9
microcode	: 0x38
cpu MHz		: 2778.045
cache size	: 4096 KB
physical id	: 0
siblings	: 4
core id		: 0
cpu cores	: 2
apicid		: 1
initial apicid	: 1
fpu		: yes
fpu_exception	: yes
cpuid level	: 22
wp		: yes
flags		: fpu vme de pse tsc msr pae mce cx8 apic sep mtrr pge mca cmov pat pse36 clflush dts acpi mmx fxsr sse sse2 ss ht tm pbe syscall nx pdpe1gb rdtscp lm constant_tsc art arch_perfmon pebs bts rep_good nopl xtopology nonstop_tsc aperfmperf tsc_known_freq pni pclmulqdq dtes64 monitor ds_cpl vmx est tm2 ssse3 sdbg fma cx16 xtpr pdcm pcid sse4_1 sse4_2 x2apic movbe popcnt tsc_deadline_timer aes xsave avx f16c rdrand lahf_lm abm 3dnowprefetch epb intel_pt tpr_shadow vnmi flexpriority ept vpid fsgsbase tsc_adjust bmi1 avx2 smep bmi2 erms invpcid mpx rdseed adx smap clflushopt xsaveopt xsavec xgetbv1 xsaves dtherm ida arat pln pts hwp hwp_notify hwp_act_window hwp_epp
bugs		:
bogomips	: 5808.00
clflush size	: 64
cache_alignment	: 64
address sizes	: 39 bits physical, 48 bits virtual
power management:

processor	: 3
vendor_id	: GenuineIntel
cpu family	: 6
model		: 142
model name	: Intel(R) Core(TM) i7-7500U CPU @ 2.70GHz
stepping	: 9
microcode	: 0x38
cpu MHz		: 3401.446
cache size	: 4096 KB
physical id	: 0
siblings	: 4
core id		: 1
cpu cores	: 2
apicid		: 3
initial apicid	: 3
fpu		: yes
fpu_exception	: yes
cpuid level	: 22
wp		: yes
flags		: fpu vme de pse tsc msr pae mce cx8 apic sep mtrr pge mca cmov pat pse36 clflush dts acpi mmx fxsr sse sse2 ss ht tm pbe syscall nx pdpe1gb rdtscp lm constant_tsc art arch_perfmon pebs bts rep_good nopl xtopology nonstop_tsc aperfmperf tsc_known_freq pni pclmulqdq dtes64 monitor ds_cpl vmx est tm2 ssse3 sdbg fma cx16 xtpr pdcm pcid sse4_1 sse4_2 x2apic movbe popcnt tsc_deadline_timer aes xsave avx f16c rdrand lahf_lm abm 3dnowprefetch epb intel_pt tpr_shadow vnmi flexpriority ept vpid fsgsbase tsc_adjust bmi1 avx2 smep bmi2 erms invpcid mpx rdseed adx smap clflushopt xsaveopt xsavec xgetbv1 xsaves dtherm ida arat pln pts hwp hwp_notify hwp_act_window hwp_epp
bugs		:
bogomips	: 5808.00
clflush size	: 64
cache_alignment	: 64
address sizes	: 39 bits physical, 48 bits virtual
power management:



Memory: 4k page, physical 16308744k(161064k free), swap 1354936k(185964k free)

vm_info: Java HotSpot(TM) 64-Bit Server VM (25.131-b11) for linux-amd64 JRE (1.8.0_131-b11), built on Mar 15 2017 01:23:40 by "java_re" with gcc 4.3.0 20080428 (Red Hat 4.3.0-8)

time: Fri Jun 30 20:13:30 2017
elapsed time: 10 seconds (0d 0h 0m 10s)

